<?xml version="1.0" encoding="UTF-8"?>
<!-- Generated by org.testng.reporters.JUnitReportReporter -->
<testsuite name="Script.Run" tests="2" time="92.799" ignored="0" failures="0" timestamp="24 Aug 2021 06:41:55 GMT" skipped="0" hostname="LP-5CD112M1JM" errors="0">
  <testcase name="runScenario" time="30.425" classname="Script.Run"/>
  <testcase name="runScenario" time="62.374" classname="Script.Run"/>
</testsuite> <!-- Script.Run -->
