<?xml version="1.0" encoding="UTF-8"?>
<!-- Generated by org.testng.reporters.JUnitReportReporter -->
<testsuite skipped="0" hostname="LP-5CD112M1JM" name="tooltip.Aug08_tooltip.tooltip" tests="1" failures="0" timestamp="20 Aug 2021 05:15:19 GMT" time="7.873" errors="0">
  <testcase name="Action_tip" time="7.873" classname="tooltip.Aug08_tooltip.tooltip"/>
</testsuite> <!-- tooltip.Aug08_tooltip.tooltip -->
