<?xml version="1.0" encoding="UTF-8"?>
<!-- Generated by org.testng.reporters.JUnitReportReporter -->
<testsuite skipped="0" hostname="LP-5CD112M1JM" name="tooltip.Aug08_tooltip.tooltip1$Capturetooltip" tests="1" failures="0" timestamp="19 Aug 2021 13:14:31 GMT" time="9.693" errors="0">
  <testcase name="tip" time="9.693" classname="tooltip.Aug08_tooltip.tooltip1$Capturetooltip"/>
</testsuite> <!-- tooltip.Aug08_tooltip.tooltip1$Capturetooltip -->
